<?xml version="1.0" encoding="UTF-8"?>
<testsuite xmlns:xsi="http://www.w3.org/2001/XMLSchema-instance" xsi:noNamespaceSchemaLocation="https://maven.apache.org/surefire/maven-surefire-plugin/xsd/surefire-test-report.xsd" name="com.example.poc_selenium4.FlowTest" time="10.15" tests="1" errors="0" skipped="0" failures="1">
  <properties>
[...]
</properties>
  <testcase name="trendingVideosDisplayed" classname="com.example.poc_selenium4.FlowTest" time="10.097">
    <failure message="&#10;expected: 50&#10; but was: 60" type="org.opentest4j.AssertionFailedError">org.opentest4j.AssertionFailedError: 

expected: 50
 but was: 60
	at com.example.poc_selenium4.FlowTest.trendingVideosDisplayed(FlowTest.kt:25)
</failure>
    <system-err><![CDATA[[main] INFO io.github.bonigarcia.wdm.WebDriverManager - Using chromedriver 93.0.4577.63 (resolved driver for Chrome 93)
[main] INFO io.github.bonigarcia.wdm.WebDriverManager - Exporting webdriver.chrome.driver as /home/weirdcockatoo/.cache/selenium/chromedriver/linux64/93.0.4577.63/chromedriver
Starting ChromeDriver 93.0.4577.63 (ff5c0da2ec0adeaed5550e6c7e98417dac77d98a-refs/branch-heads/4577@{#1135}) on port 27301
Only local connections are allowed.
Please see https://chromedriver.chromium.org/security-considerations for suggestions on keeping ChromeDriver safe.
ChromeDriver was started successfully.
Sep 19, 2021 1:56:47 AM org.openqa.selenium.remote.ProtocolHandshake createSession
INFO: Detected dialect: W3C
Sep 19, 2021 1:56:47 AM org.openqa.selenium.devtools.CdpVersionFinder findNearestMatch
WARNING: Unable to find an exact match for CDP version 93, so returning the closest version found: 91
Sep 19, 2021 1:56:47 AM org.openqa.selenium.devtools.CdpVersionFinder findNearestMatch
INFO: Found CDP implementation for version 93 of 91
Sep 19, 2021 1:56:56 AM com.example.poc_selenium4.LandingPage mostViewSorter
INFO: LISA - 'LALISA' M/V------172000000------https://www.youtube.com/watch?v=awkkyBH2zEo

Sep 19, 2021 1:56:56 AM com.example.poc_selenium4.LandingPage mostViewSorter
INFO: 8 flips in the air 😳😦| #shorts------116000000------https://www.youtube.com/watch?v=UrU5Jwkr8qQ

Sep 19, 2021 1:56:56 AM com.example.poc_selenium4.LandingPage mostViewSorter
INFO: Luan Santana - ASSIM NASCE UM BÊBADO (Clipe Oficial)------99000000------https://www.youtube.com/watch?v=ve8U7_es2hk

Sep 19, 2021 1:56:56 AM com.example.poc_selenium4.LandingPage mostViewSorter
INFO: Now United - Love, Love, Love. A Musical------95000000------https://www.youtube.com/watch?v=NK-QIOvHxpc

Sep 19, 2021 1:56:56 AM com.example.poc_selenium4.LandingPage mostViewSorter
INFO: DaBaby - Lonely (with Lil Wayne) [Official Video]------85000000------https://www.youtube.com/watch?v=pqydBaa1QR8

Sep 19, 2021 1:56:56 AM com.example.poc_selenium4.LandingPage sum50Views
INFO: The view sum of the first 50 videos: 881113000

]]></system-err>
  </testcase>
</testsuite>